<?xml version="1.0" encoding="UTF-8"?>
<testng-results ignored="0" total="1" passed="1" failed="0" skipped="0">
  <reporter-output>
  </reporter-output>
  <suite started-at="2021-01-20T11:16:39 IST" name="Default suite" finished-at="2021-01-20T11:16:59 IST" duration-ms="20210">
    <groups>
    </groups>
    <test started-at="2021-01-20T11:16:39 IST" name="Default test" finished-at="2021-01-20T11:16:59 IST" duration-ms="20210">
      <class name="ScrollerOnWebPage.ScrollinView">
        <test-method signature="viewScrill()[pri:0, instance:ScrollerOnWebPage.ScrollinView@15ca7889]" started-at="2021-01-20T11:16:39 IST" name="viewScrill" finished-at="2021-01-20T11:16:59 IST" duration-ms="20092" status="PASS">
          <reporter-output>
          </reporter-output>
        </test-method> <!-- viewScrill -->
      </class> <!-- ScrollerOnWebPage.ScrollinView -->
    </test> <!-- Default test -->
  </suite> <!-- Default suite -->
</testng-results>
